Bad Checksum - idPage: 0, tyPage: 0, iPage: 0
Source      : C:\Users\Kevin\Documents\GitHub\NorthCarolinaTaxRecoveryCalculator\NorthCarolinaTaxRecoveryCalculator\App_Data\NCTaxRecovery.mdf
Destination : C:\Users\Kevin\AppData\Local\Temp\sqlA8E1.tmp
Repairing - verMajor: 1, verMinor: 0, verBuild: 0, verPoint: 0
Time - 2012-12-10 13:49:15.390
Database format in database header page is corrupt (or not a database file)
Bad Checksum - idPage: 0, tyPage: 0, iPage: 37
Bad Checksum - idPage: 1, tyPage: 0, iPage: 47
Bad Checksum - idPage: 2, tyPage: 0, iPage: 99
Bad Checksum - idPage: 10, tyPage: 0, iPage: 215
Bad Checksum - idPage: 48, tyPage: 3, iPage: 313
Bad Checksum - idPage: 53, tyPage: 0, iPage: 285
Bad Checksum - idPage: 96, tyPage: 0, iPage: 87
Bad Checksum - idPage: 115, tyPage: 3, iPage: 225
Bad Checksum - idPage: 512, tyPage: 0, iPage: 102
Bad Checksum - idPage: 514, tyPage: 0, iPage: 90
Bad Checksum - idPage: 518, tyPage: 0, iPage: 64
Bad Checksum - idPage: 1024, tyPage: 0, iPage: 137
Bad Checksum - idPage: 1148, tyPage: 0, iPage: 325
Bad Checksum - idPage: 4096, tyPage: 0, iPage: 273
Bad Checksum - idPage: 6660, tyPage: 6, iPage: 393
Bad Checksum - idPage: 11584, tyPage: 11, iPage: 431
Bad Checksum - idPage: 12288, tyPage: 0, iPage: 75
Bad Checksum - idPage: 12402, tyPage: 1, iPage: 381
Bad Checksum - idPage: 25856, tyPage: 0, iPage: 163
Bad Checksum - idPage: 31361, tyPage: 12, iPage: 410
Bad Checksum - idPage: 33280, tyPage: 0, iPage: 336
Bad Checksum - idPage: 40960, tyPage: 4, iPage: 139
Bad Checksum - idPage: 45901, tyPage: 4, iPage: 413
Bad Checksum - idPage: 49200, tyPage: 0, iPage: 349
Bad Checksum - idPage: 49664, tyPage: 0, iPage: 364
Bad Checksum - idPage: 64192, tyPage: 12, iPage: 415
Bad Checksum - idPage: 65536, tyPage: 0, iPage: 277
Bad Checksum - idPage: 65562, tyPage: 0, iPage: 203
Bad Checksum - idPage: 66048, tyPage: 0, iPage: 124
Bad Checksum - idPage: 66050, tyPage: 0, iPage: 94
Bad Checksum - idPage: 74017, tyPage: 2, iPage: 85
Bad Checksum - idPage: 98816, tyPage: 0, iPage: 170
Bad Checksum - idPage: 100606, tyPage: 8, iPage: 424
Bad Checksum - idPage: 109516, tyPage: 1, iPage: 332
Bad Checksum - idPage: 114690, tyPage: 0, iPage: 92
Bad Checksum - idPage: 115200, tyPage: 0, iPage: 20
Bad Checksum - idPage: 127869, tyPage: 4, iPage: 408
Bad Checksum - idPage: 128510, tyPage: 14, iPage: 419
Bad Checksum - idPage: 131584, tyPage: 0, iPage: 110
Bad Checksum - idPage: 133073, tyPage: 3, iPage: 295
Bad Checksum - idPage: 147968, tyPage: 0, iPage: 218
Bad Checksum - idPage: 164352, tyPage: 0, iPage: 106
Bad Checksum - idPage: 180736, tyPage: 0, iPage: 26
Bad Checksum - idPage: 193706, tyPage: 8, iPage: 420
Bad Checksum - idPage: 196608, tyPage: 0, iPage: 297
Bad Checksum - idPage: 196609, tyPage: 2, iPage: 303
Bad Checksum - idPage: 196616, tyPage: 1, iPage: 171
Bad Checksum - idPage: 196729, tyPage: 7, iPage: 233
Bad Checksum - idPage: 197120, tyPage: 0, iPage: 44
Bad Checksum - idPage: 197122, tyPage: 0, iPage: 88
Bad Checksum - idPage: 221614, tyPage: 7, iPage: 414
Bad Checksum - idPage: 227219, tyPage: 4, iPage: 385
Bad Checksum - idPage: 229378, tyPage: 0, iPage: 86
Bad Checksum - idPage: 232597, tyPage: 2, iPage: 394
Bad Checksum - idPage: 236304, tyPage: 0, iPage: 347
Bad Checksum - idPage: 238488, tyPage: 8, iPage: 351
Bad Checksum - idPage: 245663, tyPage: 0, iPage: 407
Bad Checksum - idPage: 246272, tyPage: 0, iPage: 42
Bad Checksum - idPage: 248852, tyPage: 13, iPage: 335
Bad Checksum - idPage: 254504, tyPage: 0, iPage: 397
Bad Checksum - idPage: 258012, tyPage: 5, iPage: 404
Bad Checksum - idPage: 262160, tyPage: 1, iPage: 113
Bad Checksum - idPage: 262178, tyPage: 6, iPage: 219
Bad Checksum - idPage: 262256, tyPage: 7, iPage: 83
Bad Checksum - idPage: 262656, tyPage: 0, iPage: 244
Bad Checksum - idPage: 263943, tyPage: 12, iPage: 423
Bad Checksum - idPage: 265059, tyPage: 11, iPage: 343
Bad Checksum - idPage: 310369, tyPage: 7, iPage: 387
Bad Checksum - idPage: 323021, tyPage: 4, iPage: 333
Bad Checksum - idPage: 327680, tyPage: 6, iPage: 127
Bad Checksum - idPage: 327787, tyPage: 6, iPage: 231
Bad Checksum - idPage: 334625, tyPage: 5, iPage: 395
Bad Checksum - idPage: 340045, tyPage: 2, iPage: 386
Bad Checksum - idPage: 343956, tyPage: 4, iPage: 380
Bad Checksum - idPage: 345593, tyPage: 6, iPage: 403
Bad Checksum - idPage: 354648, tyPage: 13, iPage: 345
Bad Checksum - idPage: 355913, tyPage: 14, iPage: 398
Bad Checksum - idPage: 363649, tyPage: 8, iPage: 427
Bad Checksum - idPage: 403138, tyPage: 0, iPage: 426
Bad Checksum - idPage: 404673, tyPage: 4, iPage: 389
Bad Checksum - idPage: 424503, tyPage: 3, iPage: 340
Bad Checksum - idPage: 454970, tyPage: 11, iPage: 388
Bad Checksum - idPage: 463858, tyPage: 12, iPage: 409
Bad Checksum - idPage: 476735, tyPage: 8, iPage: 422
Bad Checksum - idPage: 484128, tyPage: 8, iPage: 405
Bad Checksum - idPage: 492044, tyPage: 9, iPage: 390
Bad Checksum - idPage: 506618, tyPage: 4, iPage: 384
Bad Checksum - idPage: 509806, tyPage: 3, iPage: 382
Bad Checksum - idPage: 518119, tyPage: 14, iPage: 147
Bad Checksum - idPage: 524288, tyPage: 3, iPage: 81
Bad Checksum - idPage: 589840, tyPage: 1, iPage: 195
Bad Checksum - idPage: 595298, tyPage: 10, iPage: 417
Bad Checksum - idPage: 627956, tyPage: 4, iPage: 412
Bad Checksum - idPage: 647896, tyPage: 12, iPage: 411
Bad Checksum - idPage: 652539, tyPage: 3, iPage: 428
Bad Checksum - idPage: 661055, tyPage: 4, iPage: 418
Bad Checksum - idPage: 664744, tyPage: 10, iPage: 348
Bad Checksum - idPage: 694560, tyPage: 4, iPage: 338
Bad Checksum - idPage: 729410, tyPage: 4, iPage: 334
Bad Checksum - idPage: 736029, tyPage: 0, iPage: 421
Bad Checksum - idPage: 750787, tyPage: 13, iPage: 429
Bad Checksum - idPage: 786434, tyPage: 0, iPage: 91
Bad Checksum - idPage: 786458, tyPage: 3, iPage: 281
Bad Checksum - idPage: 806141, tyPage: 8, iPage: 425
Bad Checksum - idPage: 827833, tyPage: 11, iPage: 344
Bad Checksum - idPage: 838238, tyPage: 10, iPage: 430
Bad Checksum - idPage: 843598, tyPage: 6, iPage: 406
Bad Checksum - idPage: 870733, tyPage: 8, iPage: 392
Bad Checksum - idPage: 880233, tyPage: 0, iPage: 257
Bad Checksum - idPage: 938100, tyPage: 11, iPage: 399
Bad Checksum - idPage: 942570, tyPage: 12, iPage: 341
Bad Checksum - idPage: 952902, tyPage: 15, iPage: 339
Bad Checksum - idPage: 966559, tyPage: 15, iPage: 346
Bad Checksum - idPage: 983156, tyPage: 6, iPage: 133
Bad Checksum - idPage: 983552, tyPage: 15, iPage: 298
Bad Checksum - idPage: 985284, tyPage: 3, iPage: 402
Bad Checksum - idPage: 987253, tyPage: 2, iPage: 416
Bad Checksum - idPage: 994406, tyPage: 8, iPage: 396
Bad Checksum - idPage: 997487, tyPage: 14, iPage: 401
Bad Checksum - idPage: 999713, tyPage: 2, iPage: 400
Bad Checksum - idPage: 1015807, tyPage: 2, iPage: 383
Bad Checksum - idPage: 1016320, tyPage: 15, iPage: 296
Bad Checksum - idPage: 1032174, tyPage: 7, iPage: 350
Bad Checksum - idPage: 1032358, tyPage: 5, iPage: 391
Bad Checksum - idPage: 1046778, tyPage: 3, iPage: 342
Bad Checksum - idPage: 1048575, tyPage: 15, iPage: 5

